<?xml version="1.0" encoding="UTF-8"?>
<coverage generated="1669396017036" clover="3.2.0">
  <project timestamp="1669396017036" name="All files">
    <metrics statements="44" coveredstatements="44" conditionals="18" coveredconditionals="18" methods="17" coveredmethods="17" elements="79" coveredelements="79" complexity="0" loc="44" ncloc="44" packages="1" files="4" classes="4"/>
    <file name="changelog.ts" path="/Users/vduong/Projects/sentinel/src/internal/changelog.ts">
      <metrics statements="21" coveredstatements="21" conditionals="4" coveredconditionals="4" methods="7" coveredmethods="7"/>
      <line num="10" count="10" type="stmt"/>
      <line num="19" count="6" type="stmt"/>
      <line num="20" count="6" type="stmt"/>
      <line num="21" count="12" type="stmt"/>
      <line num="23" count="6" type="stmt"/>
      <line num="26" count="1" type="stmt"/>
      <line num="28" count="1" type="stmt"/>
      <line num="30" count="1" type="stmt"/>
      <line num="31" count="6" type="stmt"/>
      <line num="32" count="6" type="stmt"/>
      <line num="41" count="3" type="cond" truecount="2" falsecount="0"/>
      <line num="42" count="1" type="stmt"/>
      <line num="44" count="3" type="cond" truecount="2" falsecount="0"/>
      <line num="45" count="1" type="stmt"/>
      <line num="47" count="2" type="stmt"/>
      <line num="54" count="4" type="stmt"/>
      <line num="61" count="12" type="stmt"/>
      <line num="62" count="2" type="stmt"/>
      <line num="63" count="2" type="stmt"/>
      <line num="70" count="1" type="stmt"/>
      <line num="71" count="1" type="stmt"/>
    </file>
    <file name="manpage.ts" path="/Users/vduong/Projects/sentinel/src/internal/manpage.ts">
      <metrics statements="14" coveredstatements="14" conditionals="6" coveredconditionals="6" methods="5" coveredmethods="5"/>
      <line num="4" count="1" type="stmt"/>
      <line num="5" count="1" type="stmt"/>
      <line num="7" count="1" type="stmt"/>
      <line num="9" count="9" type="cond" truecount="2" falsecount="0"/>
      <line num="14" count="6" type="stmt"/>
      <line num="15" count="6" type="stmt"/>
      <line num="24" count="7" type="stmt"/>
      <line num="33" count="4" type="cond" truecount="2" falsecount="0"/>
      <line num="34" count="1" type="stmt"/>
      <line num="36" count="4" type="cond" truecount="2" falsecount="0"/>
      <line num="37" count="2" type="stmt"/>
      <line num="39" count="2" type="stmt"/>
      <line num="46" count="4" type="stmt"/>
      <line num="53" count="6" type="stmt"/>
    </file>
    <file name="purge.ts" path="/Users/vduong/Projects/sentinel/src/internal/purge.ts">
      <metrics statements="5" coveredstatements="5" conditionals="8" coveredconditionals="8" methods="1" coveredmethods="1"/>
      <line num="27" count="80" type="stmt"/>
      <line num="29" count="80" type="cond" truecount="2" falsecount="0"/>
      <line num="30" count="40" type="stmt"/>
      <line num="34" count="80" type="cond" truecount="4" falsecount="0"/>
      <line num="39" count="80" type="cond" truecount="2" falsecount="0"/>
    </file>
    <file name="regexes.ts" path="/Users/vduong/Projects/sentinel/src/internal/regexes.ts">
      <metrics statements="4" coveredstatements="4" conditionals="0" coveredconditionals="0" methods="4" coveredmethods="4"/>
      <line num="6" count="39" type="stmt"/>
      <line num="8" count="691" type="stmt"/>
      <line num="18" count="19" type="stmt"/>
      <line num="29" count="15" type="stmt"/>
    </file>
  </project>
</coverage>
