<?xml version="1.0" ?>
<!DOCTYPE coverage SYSTEM "http://cobertura.sourceforge.net/xml/coverage-04.dtd">
<coverage lines-valid="44" lines-covered="44" line-rate="1" branches-valid="18" branches-covered="18" branch-rate="1" timestamp="1669430607365" complexity="0" version="0.1">
  <sources>
    <source>/Users/vduong/Projects/sentinel</source>
  </sources>
  <packages>
    <package name="main" line-rate="1" branch-rate="1">
      <classes>
        <class name="changelog.ts" filename="src/internal/changelog.ts" line-rate="1" branch-rate="1">
          <methods>
            <method name="getVersionFromFileName" hits="10" signature="()V">
              <lines>
                <line number="9" hits="10"/>
              </lines>
            </method>
            <method name="processChangelog" hits="6" signature="()V">
              <lines>
                <line number="18" hits="6"/>
              </lines>
            </method>
            <method name="getChangelog" hits="3" signature="()V">
              <lines>
                <line number="40" hits="3"/>
              </lines>
            </method>
            <method name="getAllVersionNames" hits="4" signature="()V">
              <lines>
                <line number="53" hits="4"/>
              </lines>
            </method>
            <method name="getAllVersionNamesButFancy" hits="2" signature="()V">
              <lines>
                <line number="60" hits="2"/>
              </lines>
            </method>
            <method name="(anonymous_5)" hits="12" signature="()V">
              <lines>
                <line number="61" hits="12"/>
              </lines>
            </method>
            <method name="getLatestVersionNumber" hits="1" signature="()V">
              <lines>
                <line number="69" hits="1"/>
              </lines>
            </method>
          </methods>
          <lines>
            <line number="10" hits="10" branch="false"/>
            <line number="19" hits="6" branch="false"/>
            <line number="20" hits="6" branch="false"/>
            <line number="21" hits="12" branch="false"/>
            <line number="23" hits="6" branch="false"/>
            <line number="26" hits="1" branch="false"/>
            <line number="28" hits="1" branch="false"/>
            <line number="30" hits="1" branch="false"/>
            <line number="31" hits="6" branch="false"/>
            <line number="32" hits="6" branch="false"/>
            <line number="41" hits="3" branch="true" condition-coverage="100% (2/2)"/>
            <line number="42" hits="1" branch="false"/>
            <line number="44" hits="3" branch="true" condition-coverage="100% (2/2)"/>
            <line number="45" hits="1" branch="false"/>
            <line number="47" hits="2" branch="false"/>
            <line number="54" hits="4" branch="false"/>
            <line number="61" hits="12" branch="false"/>
            <line number="62" hits="2" branch="false"/>
            <line number="63" hits="2" branch="false"/>
            <line number="70" hits="1" branch="false"/>
            <line number="71" hits="1" branch="false"/>
          </lines>
        </class>
        <class name="manpage.ts" filename="src/internal/manpage.ts" line-rate="1" branch-rate="1">
          <methods>
            <method name="processManpage" hits="7" signature="()V">
              <lines>
                <line number="23" hits="7"/>
              </lines>
            </method>
            <method name="getManpage" hits="4" signature="()V">
              <lines>
                <line number="32" hits="4"/>
              </lines>
            </method>
            <method name="getAllManpageNames" hits="4" signature="()V">
              <lines>
                <line number="45" hits="4"/>
              </lines>
            </method>
            <method name="getAllManpageNamesButFancy" hits="1" signature="()V">
              <lines>
                <line number="52" hits="1"/>
              </lines>
            </method>
            <method name="(anonymous_4)" hits="6" signature="()V">
              <lines>
                <line number="53" hits="6"/>
              </lines>
            </method>
          </methods>
          <lines>
            <line number="4" hits="1" branch="false"/>
            <line number="5" hits="1" branch="false"/>
            <line number="7" hits="1" branch="false"/>
            <line number="9" hits="9" branch="true" condition-coverage="100% (2/2)"/>
            <line number="14" hits="6" branch="false"/>
            <line number="15" hits="6" branch="false"/>
            <line number="24" hits="7" branch="false"/>
            <line number="33" hits="4" branch="true" condition-coverage="100% (2/2)"/>
            <line number="34" hits="1" branch="false"/>
            <line number="36" hits="4" branch="true" condition-coverage="100% (2/2)"/>
            <line number="37" hits="2" branch="false"/>
            <line number="39" hits="2" branch="false"/>
            <line number="46" hits="4" branch="false"/>
            <line number="53" hits="6" branch="false"/>
          </lines>
        </class>
        <class name="purge.ts" filename="src/internal/purge.ts" line-rate="1" branch-rate="1">
          <methods>
            <method name="purgeFilter" hits="80" signature="()V">
              <lines>
                <line number="26" hits="80"/>
              </lines>
            </method>
          </methods>
          <lines>
            <line number="27" hits="80" branch="false"/>
            <line number="29" hits="80" branch="true" condition-coverage="100% (2/2)"/>
            <line number="30" hits="40" branch="false"/>
            <line number="34" hits="80" branch="true" condition-coverage="100% (4/4)"/>
            <line number="39" hits="80" branch="true" condition-coverage="100% (2/2)"/>
          </lines>
        </class>
        <class name="regexes.ts" filename="src/internal/regexes.ts" line-rate="1" branch-rate="1">
          <methods>
            <method name="trimAllLines" hits="39" signature="()V">
              <lines>
                <line number="5" hits="39"/>
              </lines>
            </method>
            <method name="(anonymous_1)" hits="691" signature="()V">
              <lines>
                <line number="8" hits="691"/>
              </lines>
            </method>
            <method name="stripExcessNewlines" hits="19" signature="()V">
              <lines>
                <line number="17" hits="19"/>
              </lines>
            </method>
            <method name="cleanWhitespace" hits="15" signature="()V">
              <lines>
                <line number="28" hits="15"/>
              </lines>
            </method>
          </methods>
          <lines>
            <line number="6" hits="39" branch="false"/>
            <line number="8" hits="691" branch="false"/>
            <line number="18" hits="19" branch="false"/>
            <line number="29" hits="15" branch="false"/>
          </lines>
        </class>
      </classes>
    </package>
  </packages>
</coverage>
