{
	"/Users/vduong/Projects/sentinel/src/internal/changelog.ts": {
		"path": "/Users/vduong/Projects/sentinel/src/internal/changelog.ts",
		"statementMap": {
			"0": { "start": { "line": 10, "column": 1 }, "end": { "line": 10, "column": null } },
			"1": { "start": { "line": 19, "column": 15 }, "end": { "line": 19, "column": null } },
			"2": { "start": { "line": 20, "column": 1 }, "end": { "line": 22, "column": null } },
			"3": { "start": { "line": 20, "column": 14 }, "end": { "line": 20, "column": 17 } },
			"4": { "start": { "line": 21, "column": 2 }, "end": { "line": 21, "column": null } },
			"5": { "start": { "line": 23, "column": 1 }, "end": { "line": 23, "column": null } },
			"6": { "start": { "line": 26, "column": 24 }, "end": { "line": 26, "column": null } },
			"7": { "start": { "line": 28, "column": 26 }, "end": { "line": 28, "column": null } },
			"8": { "start": { "line": 30, "column": 0 }, "end": { "line": 33, "column": null } },
			"9": { "start": { "line": 31, "column": 19 }, "end": { "line": 31, "column": null } },
			"10": { "start": { "line": 32, "column": 1 }, "end": { "line": 32, "column": null } },
			"11": { "start": { "line": 41, "column": 1 }, "end": { "line": 43, "column": null } },
			"12": { "start": { "line": 42, "column": 2 }, "end": { "line": 42, "column": null } },
			"13": { "start": { "line": 44, "column": 1 }, "end": { "line": 46, "column": null } },
			"14": { "start": { "line": 45, "column": 2 }, "end": { "line": 45, "column": null } },
			"15": { "start": { "line": 47, "column": 1 }, "end": { "line": 47, "column": null } },
			"16": { "start": { "line": 54, "column": 1 }, "end": { "line": 54, "column": null } },
			"17": { "start": { "line": 61, "column": 18 }, "end": { "line": 61, "column": null } },
			"18": { "start": { "line": 61, "column": 56 }, "end": { "line": 61, "column": 69 } },
			"19": { "start": { "line": 62, "column": 1 }, "end": { "line": 62, "column": null } },
			"20": { "start": { "line": 63, "column": 1 }, "end": { "line": 63, "column": null } },
			"21": { "start": { "line": 70, "column": 22 }, "end": { "line": 70, "column": null } },
			"22": { "start": { "line": 71, "column": 1 }, "end": { "line": 71, "column": null } }
		},
		"fnMap": {
			"0": {
				"name": "getVersionFromFileName",
				"decl": { "start": { "line": 9, "column": 16 }, "end": { "line": 9, "column": 39 } },
				"loc": { "start": { "line": 9, "column": 61 }, "end": { "line": 11, "column": null } }
			},
			"1": {
				"name": "processChangelog",
				"decl": { "start": { "line": 18, "column": 16 }, "end": { "line": 18, "column": 33 } },
				"loc": { "start": { "line": 18, "column": 54 }, "end": { "line": 24, "column": null } }
			},
			"2": {
				"name": "getChangelog",
				"decl": { "start": { "line": 40, "column": 16 }, "end": { "line": 40, "column": 29 } },
				"loc": { "start": { "line": 40, "column": 54 }, "end": { "line": 48, "column": null } }
			},
			"3": {
				"name": "getAllVersionNames",
				"decl": { "start": { "line": 53, "column": 16 }, "end": { "line": 53, "column": 47 } },
				"loc": { "start": { "line": 53, "column": 47 }, "end": { "line": 55, "column": null } }
			},
			"4": {
				"name": "getAllVersionNamesButFancy",
				"decl": { "start": { "line": 60, "column": 16 }, "end": { "line": 60, "column": 55 } },
				"loc": { "start": { "line": 60, "column": 55 }, "end": { "line": 64, "column": null } }
			},
			"5": {
				"name": "(anonymous_5)",
				"decl": { "start": { "line": 61, "column": 43 }, "end": { "line": 61, "column": 44 } },
				"loc": { "start": { "line": 61, "column": 56 }, "end": { "line": 61, "column": 69 } }
			},
			"6": {
				"name": "getLatestVersionNumber",
				"decl": { "start": { "line": 69, "column": 16 }, "end": { "line": 69, "column": 49 } },
				"loc": { "start": { "line": 69, "column": 49 }, "end": { "line": 72, "column": null } }
			}
		},
		"branchMap": {
			"0": {
				"loc": { "start": { "line": 41, "column": 1 }, "end": { "line": 43, "column": null } },
				"type": "if",
				"locations": [
					{ "start": { "line": 41, "column": 1 }, "end": { "line": 43, "column": null } },
					{ "start": { "line": 41, "column": 1 }, "end": { "line": 43, "column": null } }
				]
			},
			"1": {
				"loc": { "start": { "line": 44, "column": 1 }, "end": { "line": 46, "column": null } },
				"type": "if",
				"locations": [
					{ "start": { "line": 44, "column": 1 }, "end": { "line": 46, "column": null } },
					{ "start": { "line": 44, "column": 1 }, "end": { "line": 46, "column": null } }
				]
			}
		},
		"s": {
			"0": 10,
			"1": 6,
			"2": 6,
			"3": 6,
			"4": 12,
			"5": 6,
			"6": 1,
			"7": 1,
			"8": 1,
			"9": 6,
			"10": 6,
			"11": 3,
			"12": 1,
			"13": 3,
			"14": 1,
			"15": 2,
			"16": 4,
			"17": 2,
			"18": 12,
			"19": 2,
			"20": 2,
			"21": 1,
			"22": 1
		},
		"f": { "0": 10, "1": 6, "2": 3, "3": 4, "4": 2, "5": 12, "6": 1 },
		"b": { "0": [1, 2], "1": [1, 2] }
	},
	"/Users/vduong/Projects/sentinel/src/internal/manpage.ts": {
		"path": "/Users/vduong/Projects/sentinel/src/internal/manpage.ts",
		"statementMap": {
			"0": { "start": { "line": 4, "column": 24 }, "end": { "line": 4, "column": null } },
			"1": { "start": { "line": 5, "column": 24 }, "end": { "line": 5, "column": null } },
			"2": { "start": { "line": 7, "column": 0 }, "end": { "line": 17, "column": null } },
			"3": { "start": { "line": 9, "column": 1 }, "end": { "line": 16, "column": null } },
			"4": { "start": { "line": 14, "column": 19 }, "end": { "line": 14, "column": null } },
			"5": { "start": { "line": 15, "column": 2 }, "end": { "line": 15, "column": null } },
			"6": { "start": { "line": 24, "column": 1 }, "end": { "line": 24, "column": null } },
			"7": { "start": { "line": 33, "column": 1 }, "end": { "line": 35, "column": null } },
			"8": { "start": { "line": 34, "column": 2 }, "end": { "line": 34, "column": null } },
			"9": { "start": { "line": 36, "column": 1 }, "end": { "line": 38, "column": null } },
			"10": { "start": { "line": 37, "column": 2 }, "end": { "line": 37, "column": null } },
			"11": { "start": { "line": 39, "column": 1 }, "end": { "line": 39, "column": null } },
			"12": { "start": { "line": 46, "column": 1 }, "end": { "line": 46, "column": null } },
			"13": { "start": { "line": 53, "column": 1 }, "end": { "line": 53, "column": null } },
			"14": { "start": { "line": 53, "column": 46 }, "end": { "line": 53, "column": 59 } }
		},
		"fnMap": {
			"0": {
				"name": "processManpage",
				"decl": { "start": { "line": 23, "column": 16 }, "end": { "line": 23, "column": 31 } },
				"loc": { "start": { "line": 23, "column": 52 }, "end": { "line": 25, "column": null } }
			},
			"1": {
				"name": "getManpage",
				"decl": { "start": { "line": 32, "column": 16 }, "end": { "line": 32, "column": 27 } },
				"loc": { "start": { "line": 32, "column": 52 }, "end": { "line": 40, "column": null } }
			},
			"2": {
				"name": "getAllManpageNames",
				"decl": { "start": { "line": 45, "column": 16 }, "end": { "line": 45, "column": 47 } },
				"loc": { "start": { "line": 45, "column": 47 }, "end": { "line": 47, "column": null } }
			},
			"3": {
				"name": "getAllManpageNamesButFancy",
				"decl": { "start": { "line": 52, "column": 16 }, "end": { "line": 52, "column": 55 } },
				"loc": { "start": { "line": 52, "column": 55 }, "end": { "line": 54, "column": null } }
			},
			"4": {
				"name": "(anonymous_4)",
				"decl": { "start": { "line": 53, "column": 33 }, "end": { "line": 53, "column": 34 } },
				"loc": { "start": { "line": 53, "column": 46 }, "end": { "line": 53, "column": 59 } }
			}
		},
		"branchMap": {
			"0": {
				"loc": { "start": { "line": 9, "column": 1 }, "end": { "line": 16, "column": null } },
				"type": "if",
				"locations": [
					{ "start": { "line": 9, "column": 1 }, "end": { "line": 16, "column": null } },
					{ "start": { "line": 9, "column": 1 }, "end": { "line": 16, "column": null } }
				]
			},
			"1": {
				"loc": { "start": { "line": 33, "column": 1 }, "end": { "line": 35, "column": null } },
				"type": "if",
				"locations": [
					{ "start": { "line": 33, "column": 1 }, "end": { "line": 35, "column": null } },
					{ "start": { "line": 33, "column": 1 }, "end": { "line": 35, "column": null } }
				]
			},
			"2": {
				"loc": { "start": { "line": 36, "column": 1 }, "end": { "line": 38, "column": null } },
				"type": "if",
				"locations": [
					{ "start": { "line": 36, "column": 1 }, "end": { "line": 38, "column": null } },
					{ "start": { "line": 36, "column": 1 }, "end": { "line": 38, "column": null } }
				]
			}
		},
		"s": {
			"0": 1,
			"1": 1,
			"2": 1,
			"3": 9,
			"4": 6,
			"5": 6,
			"6": 7,
			"7": 4,
			"8": 1,
			"9": 4,
			"10": 2,
			"11": 2,
			"12": 4,
			"13": 1,
			"14": 6
		},
		"f": { "0": 7, "1": 4, "2": 4, "3": 1, "4": 6 },
		"b": { "0": [6, 3], "1": [1, 3], "2": [2, 2] }
	},
	"/Users/vduong/Projects/sentinel/src/internal/purge.ts": {
		"path": "/Users/vduong/Projects/sentinel/src/internal/purge.ts",
		"statementMap": {
			"0": { "start": { "line": 27, "column": 28 }, "end": { "line": 27, "column": null } },
			"1": { "start": { "line": 29, "column": 1 }, "end": { "line": 31, "column": null } },
			"2": { "start": { "line": 30, "column": 2 }, "end": { "line": 30, "column": null } },
			"3": { "start": { "line": 34, "column": 7 }, "end": { "line": 36, "column": null } },
			"4": { "start": { "line": 39, "column": 1 }, "end": { "line": 39, "column": null } }
		},
		"fnMap": {
			"0": {
				"name": "purgeFilter",
				"decl": { "start": { "line": 26, "column": 16 }, "end": { "line": 26, "column": 28 } },
				"loc": { "start": { "line": 26, "column": 80 }, "end": { "line": 40, "column": null } }
			}
		},
		"branchMap": {
			"0": {
				"loc": { "start": { "line": 29, "column": 1 }, "end": { "line": 31, "column": null } },
				"type": "if",
				"locations": [
					{ "start": { "line": 29, "column": 1 }, "end": { "line": 31, "column": null } },
					{ "start": { "line": 29, "column": 1 }, "end": { "line": 31, "column": null } }
				]
			},
			"1": {
				"loc": { "start": { "line": 34, "column": 7 }, "end": { "line": 36, "column": null } },
				"type": "binary-expr",
				"locations": [
					{ "start": { "line": 35, "column": 3 }, "end": { "line": 35, "column": 14 } },
					{ "start": { "line": 35, "column": 14 }, "end": { "line": 35, "column": null } },
					{ "start": { "line": 36, "column": 6 }, "end": { "line": 36, "column": 18 } },
					{ "start": { "line": 36, "column": 18 }, "end": { "line": 36, "column": null } }
				]
			},
			"2": {
				"loc": { "start": { "line": 39, "column": 8 }, "end": { "line": 39, "column": null } },
				"type": "cond-expr",
				"locations": [
					{ "start": { "line": 39, "column": 17 }, "end": { "line": 39, "column": 34 } },
					{ "start": { "line": 39, "column": 34 }, "end": { "line": 39, "column": null } }
				]
			}
		},
		"s": { "0": 80, "1": 80, "2": 40, "3": 80, "4": 80 },
		"f": { "0": 80 },
		"b": { "0": [40, 40], "1": [80, 40, 55, 36], "2": [16, 64] }
	},
	"/Users/vduong/Projects/sentinel/src/internal/regexes.ts": {
		"path": "/Users/vduong/Projects/sentinel/src/internal/regexes.ts",
		"statementMap": {
			"0": { "start": { "line": 6, "column": 1 }, "end": { "line": 9, "column": null } },
			"1": { "start": { "line": 8, "column": 17 }, "end": { "line": 8, "column": 28 } },
			"2": { "start": { "line": 18, "column": 1 }, "end": { "line": 21, "column": null } },
			"3": { "start": { "line": 29, "column": 1 }, "end": { "line": 29, "column": null } }
		},
		"fnMap": {
			"0": {
				"name": "trimAllLines",
				"decl": { "start": { "line": 5, "column": 16 }, "end": { "line": 5, "column": 29 } },
				"loc": { "start": { "line": 5, "column": 50 }, "end": { "line": 10, "column": null } }
			},
			"1": {
				"name": "(anonymous_1)",
				"decl": { "start": { "line": 8, "column": 7 }, "end": { "line": 8, "column": 8 } },
				"loc": { "start": { "line": 8, "column": 17 }, "end": { "line": 8, "column": 28 } }
			},
			"2": {
				"name": "stripExcessNewlines",
				"decl": { "start": { "line": 17, "column": 16 }, "end": { "line": 17, "column": 36 } },
				"loc": { "start": { "line": 17, "column": 57 }, "end": { "line": 22, "column": null } }
			},
			"3": {
				"name": "cleanWhitespace",
				"decl": { "start": { "line": 28, "column": 16 }, "end": { "line": 28, "column": 32 } },
				"loc": { "start": { "line": 28, "column": 53 }, "end": { "line": 30, "column": null } }
			}
		},
		"branchMap": {},
		"s": { "0": 39, "1": 691, "2": 19, "3": 15 },
		"f": { "0": 39, "1": 691, "2": 19, "3": 15 },
		"b": {}
	}
}
