TN:
SF:src/internal/changelog.ts
FN:9,getVersionFromFileName
FN:18,processChangelog
FN:40,getChangelog
FN:53,getAllVersionNames
FN:60,getAllVersionNamesButFancy
FN:61,(anonymous_5)
FN:69,getLatestVersionNumber
FNF:7
FNH:7
FNDA:10,getVersionFromFileName
FNDA:6,processChangelog
FNDA:3,getChangelog
FNDA:4,getAllVersionNames
FNDA:2,getAllVersionNamesButFancy
FNDA:12,(anonymous_5)
FNDA:1,getLatestVersionNumber
DA:10,10
DA:19,6
DA:20,6
DA:21,12
DA:23,6
DA:26,1
DA:28,1
DA:30,1
DA:31,6
DA:32,6
DA:41,3
DA:42,1
DA:44,3
DA:45,1
DA:47,2
DA:54,4
DA:61,12
DA:62,2
DA:63,2
DA:70,1
DA:71,1
LF:21
LH:21
BRDA:41,0,0,1
BRDA:41,0,1,2
BRDA:44,1,0,1
BRDA:44,1,1,2
BRF:4
BRH:4
end_of_record
TN:
SF:src/internal/manpage.ts
FN:23,processManpage
FN:32,getManpage
FN:45,getAllManpageNames
FN:52,getAllManpageNamesButFancy
FN:53,(anonymous_4)
FNF:5
FNH:5
FNDA:7,processManpage
FNDA:4,getManpage
FNDA:4,getAllManpageNames
FNDA:1,getAllManpageNamesButFancy
FNDA:6,(anonymous_4)
DA:4,1
DA:5,1
DA:7,1
DA:9,9
DA:14,6
DA:15,6
DA:24,7
DA:33,4
DA:34,1
DA:36,4
DA:37,2
DA:39,2
DA:46,4
DA:53,6
LF:14
LH:14
BRDA:9,0,0,6
BRDA:9,0,1,3
BRDA:33,1,0,1
BRDA:33,1,1,3
BRDA:36,2,0,2
BRDA:36,2,1,2
BRF:6
BRH:6
end_of_record
TN:
SF:src/internal/purge.ts
FN:26,purgeFilter
FNF:1
FNH:1
FNDA:80,purgeFilter
DA:27,80
DA:29,80
DA:30,40
DA:34,80
DA:39,80
LF:5
LH:5
BRDA:29,0,0,40
BRDA:29,0,1,40
BRDA:34,1,0,80
BRDA:34,1,1,40
BRDA:34,1,2,55
BRDA:34,1,3,36
BRDA:39,2,0,16
BRDA:39,2,1,64
BRF:8
BRH:8
end_of_record
TN:
SF:src/internal/regexes.ts
FN:5,trimAllLines
FN:8,(anonymous_1)
FN:17,stripExcessNewlines
FN:28,cleanWhitespace
FNF:4
FNH:4
FNDA:39,trimAllLines
FNDA:691,(anonymous_1)
FNDA:19,stripExcessNewlines
FNDA:15,cleanWhitespace
DA:6,39
DA:8,691
DA:18,19
DA:29,15
LF:4
LH:4
BRF:0
BRH:0
end_of_record
